<?xml version="1.0" encoding="UTF-8" ?>
<testsuite failures="0" time="314.317" errors="0" skipped="8" tests="13" name="TestSuite">
  <properties>
    <property name="java.runtime.name" value="Java(TM) SE Runtime Environment"/>
    <property name="sun.boot.library.path" value="C:\Program Files\Java\jdk1.7.0_01\jre\bin"/>
    <property name="java.vm.version" value="21.1-b02"/>
    <property name="user.country.format" value="IN"/>
    <property name="java.vm.vendor" value="Oracle Corporation"/>
    <property name="java.vendor.url" value="http://java.oracle.com/"/>
    <property name="path.separator" value=";"/>
    <property name="guice.disable.misplaced.annotation.check" value="true"/>
    <property name="java.vm.name" value="Java HotSpot(TM) Client VM"/>
    <property name="file.encoding.pkg" value="sun.io"/>
    <property name="user.script" value=""/>
    <property name="user.country" value="US"/>
    <property name="sun.java.launcher" value="SUN_STANDARD"/>
    <property name="sun.os.patch.level" value="Service Pack 1"/>
    <property name="java.vm.specification.name" value="Java Virtual Machine Specification"/>
    <property name="user.dir" value="E:\Canopy_MarketPlace\Core_WebDriver_DataDriven_Framework"/>
    <property name="java.runtime.version" value="1.7.0_01-b08"/>
    <property name="java.awt.graphicsenv" value="sun.awt.Win32GraphicsEnvironment"/>
    <property name="java.endorsed.dirs" value="C:\Program Files\Java\jdk1.7.0_01\jre\lib\endorsed"/>
    <property name="os.arch" value="x86"/>
    <property name="java.io.tmpdir" value="C:\Users\Dell\AppData\Local\Temp\"/>
    <property name="line.separator" value="
"/>
    <property name="java.vm.specification.vendor" value="Oracle Corporation"/>
    <property name="user.variant" value=""/>
    <property name="os.name" value="Windows 7"/>
    <property name="classworlds.conf" value="C:\Program Files\apache-maven-3.2.5\bin\..\bin\m2.conf"/>
    <property name="sun.jnu.encoding" value="Cp1252"/>
    <property name="java.library.path" value="C:\Program Files\Java\jdk1.7.0_01\bin;C:\windows\Sun\Java\bin;C:\windows\system32;C:\windows;E:\oracle\product\10.2.0\db_1\bin;C:\Program Files (x86)\NVIDIA Corporation\PhysX\Common;C:\Program Files\Common Files\Microsoft Shared\Windows Live;C:\Program Files (x86)\Common Files\Microsoft Shared\Windows Live;C:\windows\system32;C:\windows;C:\windows\System32\Wbem;C:\windows\System32\WindowsPowerShell\v1.0\;c:\Program Files (x86)\Common Files\Roxio Shared\DLLShared\;c:\Program Files (x86)\Common Files\Roxio Shared\OEM\DLLShared\;c:\Program Files (x86)\Common Files\Roxio Shared\OEM\DLLShared\;c:\Program Files (x86)\Common Files\Roxio Shared\OEM\12.0\DLLShared\;c:\Program Files (x86)\Roxio\OEM\AudioCore\;C:\Program Files\WIDCOMM\Bluetooth Software\;C:\Program Files\WIDCOMM\Bluetooth Software\syswow64;C:\Program Files (x86)\Windows Live\Shared;C:\Program Files\jEdit;E:\9Ant\apache-ant-1.8.1\bin;C:\Program Files\apache-maven-3.2.5\bin;C:\Program Files\Java\jdk1.7.0_01\bin;."/>
    <property name="java.specification.name" value="Java Platform API Specification"/>
    <property name="java.class.version" value="51.0"/>
    <property name="sun.management.compiler" value="HotSpot Client Compiler"/>
    <property name="os.version" value="6.1"/>
    <property name="user.home" value="C:\Users\Dell"/>
    <property name="user.timezone" value="Asia/Calcutta"/>
    <property name="java.awt.printerjob" value="sun.awt.windows.WPrinterJob"/>
    <property name="java.specification.version" value="1.7"/>
    <property name="file.encoding" value="Cp1252"/>
    <property name="user.name" value="Dell"/>
    <property name="java.class.path" value="C:\Program Files\apache-maven-3.2.5\bin\..\boot\plexus-classworlds-2.5.2.jar"/>
    <property name="java.vm.specification.version" value="1.7"/>
    <property name="sun.arch.data.model" value="32"/>
    <property name="java.home" value="C:\Program Files\Java\jdk1.7.0_01\jre"/>
    <property name="sun.java.command" value="org.codehaus.plexus.classworlds.launcher.Launcher test"/>
    <property name="java.specification.vendor" value="Oracle Corporation"/>
    <property name="user.language" value="en"/>
    <property name="awt.toolkit" value="sun.awt.windows.WToolkit"/>
    <property name="java.vm.info" value="mixed mode, sharing"/>
    <property name="java.version" value="1.7.0_01"/>
    <property name="java.ext.dirs" value="C:\Program Files\Java\jdk1.7.0_01\jre\lib\ext;C:\windows\Sun\Java\lib\ext"/>
    <property name="sun.boot.class.path" value="C:\Program Files\Java\jdk1.7.0_01\jre\lib\resources.jar;C:\Program Files\Java\jdk1.7.0_01\jre\lib\rt.jar;C:\Program Files\Java\jdk1.7.0_01\jre\lib\sunrsasign.jar;C:\Program Files\Java\jdk1.7.0_01\jre\lib\jsse.jar;C:\Program Files\Java\jdk1.7.0_01\jre\lib\jce.jar;C:\Program Files\Java\jdk1.7.0_01\jre\lib\charsets.jar;C:\Program Files\Java\jdk1.7.0_01\jre\classes"/>
    <property name="java.vendor" value="Oracle Corporation"/>
    <property name="maven.home" value="C:\Program Files\apache-maven-3.2.5\bin\.."/>
    <property name="file.separator" value="\"/>
    <property name="java.vendor.url.bug" value="http://bugreport.sun.com/bugreport/"/>
    <property name="sun.cpu.endian" value="little"/>
    <property name="sun.io.unicode.encoding" value="UnicodeLittle"/>
    <property name="sun.desktop" value="windows"/>
    <property name="sun.cpu.isalist" value="pentium_pro+mmx pentium_pro pentium+mmx pentium i486 i386 i86"/>
  </properties>
  <testcase time="229.716" classname="com.canopy.framework.datadriven.MarketPlaceSuite.LoginTest" name="loginTest"/>
  <testcase time="0.75" classname="com.canopy.framework.datadriven.MarketPlaceSuite.LoginTest" name="loginTest">
    <skipped/>
    <system-out>MarketPlaceSuite
</system-out>
  </testcase>
  <testcase time="0.55" classname="com.canopy.framework.datadriven.MarketPlaceSuite.LoginTest" name="loginTest">
    <skipped/>
    <system-out>MarketPlaceSuite
</system-out>
  </testcase>
  <testcase time="80.287" classname="com.canopy.framework.datadriven.MarketPlaceSuite.Test2" name="test2"/>
  <testcase time="0.484" classname="com.canopy.framework.datadriven.MarketPlaceSuite.Test2" name="test2">
    <skipped/>
    <system-out>MarketPlaceSuite
</system-out>
  </testcase>
  <testcase time="0" classname="com.canopy.framework.datadriven.MarketPlaceSuite.Test3" name="test3"/>
  <testcase time="0.001" classname="com.canopy.framework.datadriven.MarketPlaceSuite.Test4" name="test4"/>
  <testcase time="0.001" classname="com.canopy.framework.datadriven.MarketPlaceSuite.Test5" name="test5"/>
  <testcase time="0.386" classname="com.canopy.framework.datadriven.suiteB.Test1" name="test1">
    <skipped/>
    <system-out>Total Rows - 29
Test Starts from row Number - 1
Total Rows of Data are - 3
MarketPlaceSuite
SuiteB
</system-out>
  </testcase>
  <testcase time="0.462" classname="com.canopy.framework.datadriven.suiteB.Test1" name="test1">
    <skipped/>
    <system-out>MarketPlaceSuite
SuiteB
</system-out>
  </testcase>
  <testcase time="0.48" classname="com.canopy.framework.datadriven.suiteB.Test1" name="test1">
    <skipped/>
    <system-out>MarketPlaceSuite
SuiteB
</system-out>
  </testcase>
  <testcase time="0.45" classname="com.canopy.framework.datadriven.suiteB.Test2" name="test2">
    <skipped/>
    <system-out>Total Rows - 29
Test Starts from row Number - 7
Total Rows of Data are - 2
MarketPlaceSuite
SuiteB
</system-out>
  </testcase>
  <testcase time="0.75" classname="com.canopy.framework.datadriven.suiteB.Test2" name="test2">
    <skipped/>
    <system-out>MarketPlaceSuite
SuiteB
</system-out>
  </testcase>
</testsuite>