<?xml version="1.0" encoding="UTF-8"?>
<!-- Generated by org.testng.reporters.JUnitReportReporter -->
<testsuite hostname="Dell-PC" name="com.canopy.framework.datadriven.MarketPlaceSuite.Test4" tests="1" failures="0" timestamp="28 Feb 2015 05:50:43 GMT" time="0.000" errors="0">
  <testcase name="test4" time="0.000" classname="com.canopy.framework.datadriven.MarketPlaceSuite.Test4"/>
</testsuite>
